1618105724988	geckodriver	INFO	Listening on 127.0.0.1:62270
1618105725010	mozrunner::runner	INFO	Running command: "/Applications/Firefox.app/Contents/MacOS/firefox-bin" "--marionette" "-foreground" "-no-remote" "-profile" "/var/folders/bk/dmnbz2jd1zv18hb09zmgb1kh0000gn/T/rust_mozprofile7wbUvU"
console.warn: SearchSettings: "get: No settings file exists, new profile?" (new Error("", "(unknown module)"))
1618105735945	Marionette	INFO	Listening on port 62279
1618105777235	geckodriver	INFO	Listening on 127.0.0.1:62365
1618105778251	mozrunner::runner	INFO	Running command: "/Applications/Firefox.app/Contents/MacOS/firefox-bin" "--marionette" "-foreground" "-no-remote" "-profile" "/var/folders/bk/dmnbz2jd1zv18hb09zmgb1kh0000gn/T/rust_mozprofilekrFYKE"
console.warn: SearchSettings: "get: No settings file exists, new profile?" (new Error("", "(unknown module)"))
1618105780924	Marionette	INFO	Listening on port 62377
1618105781045	Marionette	WARN	TLS certificate errors will be ignored for this session
1618105803681	Marionette	INFO	Stopped listening on port 62377
1618105812018	geckodriver	INFO	Listening on 127.0.0.1:62468
1618105812034	mozrunner::runner	INFO	Running command: "/Applications/Firefox.app/Contents/MacOS/firefox-bin" "--marionette" "-foreground" "-no-remote" "-profile" "/var/folders/bk/dmnbz2jd1zv18hb09zmgb1kh0000gn/T/rust_mozprofile59jOdi"
console.warn: SearchSettings: "get: No settings file exists, new profile?" (new Error("", "(unknown module)"))
1618105814428	Marionette	INFO	Listening on port 62477
1618105814586	Marionette	WARN	TLS certificate errors will be ignored for this session
1618105832860	Marionette	INFO	Stopped listening on port 62477

###!!! [Parent][RunMessage] Error: Channel closing: too late to send/recv, messages will be lost

1618105918422	geckodriver	INFO	Listening on 127.0.0.1:62598
1618105919436	mozrunner::runner	INFO	Running command: "/Applications/Firefox.app/Contents/MacOS/firefox-bin" "--marionette" "-foreground" "-no-remote" "-profile" "/var/folders/bk/dmnbz2jd1zv18hb09zmgb1kh0000gn/T/rust_mozprofile4I7hqU"
console.warn: SearchSettings: "get: No settings file exists, new profile?" (new Error("", "(unknown module)"))
1618105921972	Marionette	INFO	Listening on port 62609
1618105922044	Marionette	WARN	TLS certificate errors will be ignored for this session
1618105941817	Marionette	INFO	Stopped listening on port 62609

###!!! [Parent][RunMessage] Error: Channel closing: too late to send/recv, messages will be lost

1618106056369	geckodriver	INFO	Listening on 127.0.0.1:62727
1618106057384	mozrunner::runner	INFO	Running command: "/Applications/Firefox.app/Contents/MacOS/firefox-bin" "--marionette" "-foreground" "-no-remote" "-profile" "/var/folders/bk/dmnbz2jd1zv18hb09zmgb1kh0000gn/T/rust_mozprofilewnZRTW"
console.warn: SearchSettings: "get: No settings file exists, new profile?" (new Error("", "(unknown module)"))
1618106060177	Marionette	INFO	Listening on port 62738
1618106060217	Marionette	WARN	TLS certificate errors will be ignored for this session
1618106083224	Marionette	INFO	Stopped listening on port 62738

###!!! [Parent][RunMessage] Error: Channel closing: too late to send/recv, messages will be lost

1618106136034	geckodriver	INFO	Listening on 127.0.0.1:62851
1618106136046	mozrunner::runner	INFO	Running command: "/Applications/Firefox.app/Contents/MacOS/firefox-bin" "--marionette" "-foreground" "-no-remote" "-profile" "/var/folders/bk/dmnbz2jd1zv18hb09zmgb1kh0000gn/T/rust_mozprofileBZOq5y"
console.warn: SearchSettings: "get: No settings file exists, new profile?" (new Error("", "(unknown module)"))
1618106138632	Marionette	INFO	Listening on port 62860
1618106138800	Marionette	WARN	TLS certificate errors will be ignored for this session
1618106161469	Marionette	INFO	Stopped listening on port 62860
console.log: WebExtensions: reset-default-search: No addons in our list are installed.
1618106266729	geckodriver	INFO	Listening on 127.0.0.1:62986
1618106267755	mozrunner::runner	INFO	Running command: "/Applications/Firefox.app/Contents/MacOS/firefox-bin" "--marionette" "-foreground" "-no-remote" "-profile" "/var/folders/bk/dmnbz2jd1zv18hb09zmgb1kh0000gn/T/rust_mozprofileRvVw3G"
console.warn: SearchSettings: "get: No settings file exists, new profile?" (new Error("", "(unknown module)"))
1618106272422	Marionette	INFO	Listening on port 62997
1618106272493	Marionette	WARN	TLS certificate errors will be ignored for this session
1618106295982	Marionette	INFO	Stopped listening on port 62997
1618106391336	geckodriver	INFO	Listening on 127.0.0.1:63113
1618106392353	mozrunner::runner	INFO	Running command: "/Applications/Firefox.app/Contents/MacOS/firefox-bin" "--marionette" "-foreground" "-no-remote" "-profile" "/var/folders/bk/dmnbz2jd1zv18hb09zmgb1kh0000gn/T/rust_mozprofileOSXJy8"
console.warn: SearchSettings: "get: No settings file exists, new profile?" (new Error("", "(unknown module)"))
1618106396653	Marionette	INFO	Listening on port 63125
1618106396751	Marionette	WARN	TLS certificate errors will be ignored for this session
1618106424933	Marionette	INFO	Stopped listening on port 63125

###!!! [Parent][RunMessage] Error: Channel closing: too late to send/recv, messages will be lost

1618106584562	geckodriver	INFO	Listening on 127.0.0.1:63310
1618106585581	mozrunner::runner	INFO	Running command: "/Applications/Firefox.app/Contents/MacOS/firefox-bin" "--marionette" "-foreground" "-no-remote" "-profile" "/var/folders/bk/dmnbz2jd1zv18hb09zmgb1kh0000gn/T/rust_mozprofile8kY7Xg"
console.warn: SearchSettings: "get: No settings file exists, new profile?" (new Error("", "(unknown module)"))
1618106590787	Marionette	INFO	Listening on port 63321
1618106590825	Marionette	WARN	TLS certificate errors will be ignored for this session
1618106619796	Marionette	INFO	Stopped listening on port 63321

###!!! [Parent][MessageChannel] Error: (msgtype=0x1F0011,name=PBackgroundStorage::Msg_Observe) Channel error: cannot send/recv


###!!! [Parent][MessageChannel] Error: (msgtype=0x1F0011,name=PBackgroundStorage::Msg_Observe) Channel error: cannot send/recv


###!!! [Parent][RunMessage] Error: Channel closing: too late to send/recv, messages will be lost

1618106863267	geckodriver	INFO	Listening on 127.0.0.1:63493
1618106864299	mozrunner::runner	INFO	Running command: "/Applications/Firefox.app/Contents/MacOS/firefox-bin" "--marionette" "-foreground" "-no-remote" "-profile" "/var/folders/bk/dmnbz2jd1zv18hb09zmgb1kh0000gn/T/rust_mozprofileXzXEo2"
console.warn: SearchSettings: "get: No settings file exists, new profile?" (new Error("", "(unknown module)"))
1618106872218	Marionette	INFO	Listening on port 63504
1618106872396	Marionette	WARN	TLS certificate errors will be ignored for this session
1618106899143	Marionette	INFO	Stopped listening on port 63504

###!!! [Parent][RunMessage] Error: Channel closing: too late to send/recv, messages will be lost

1618106934424	geckodriver	INFO	Listening on 127.0.0.1:63656
1618106935457	mozrunner::runner	INFO	Running command: "/Applications/Firefox.app/Contents/MacOS/firefox-bin" "--marionette" "-foreground" "-no-remote" "-profile" "/var/folders/bk/dmnbz2jd1zv18hb09zmgb1kh0000gn/T/rust_mozprofilehr5Cw3"
console.warn: SearchSettings: "get: No settings file exists, new profile?" (new Error("", "(unknown module)"))

###!!! [Child][RunMessage] Error: Channel closing: too late to send/recv, messages will be lost

1618106942662	Marionette	INFO	Listening on port 63667
1618106942760	Marionette	WARN	TLS certificate errors will be ignored for this session
1618106977479	Marionette	INFO	Stopped listening on port 63667
1618107245897	geckodriver	INFO	Listening on 127.0.0.1:63819
1618107246917	mozrunner::runner	INFO	Running command: "/Applications/Firefox.app/Contents/MacOS/firefox-bin" "--marionette" "-foreground" "-no-remote" "-profile" "/var/folders/bk/dmnbz2jd1zv18hb09zmgb1kh0000gn/T/rust_mozprofile1IXrfm"
console.warn: SearchSettings: "get: No settings file exists, new profile?" (new Error("", "(unknown module)"))
1618107252287	Marionette	INFO	Listening on port 63830
1618107252360	Marionette	WARN	TLS certificate errors will be ignored for this session
1618107280765	Marionette	INFO	Stopped listening on port 63830

###!!! [Parent][RunMessage] Error: Channel closing: too late to send/recv, messages will be lost

1618107340850	geckodriver	INFO	Listening on 127.0.0.1:63956
1618107341150	mozrunner::runner	INFO	Running command: "/Applications/Firefox.app/Contents/MacOS/firefox-bin" "--marionette" "-foreground" "-no-remote" "-profile" "/var/folders/bk/dmnbz2jd1zv18hb09zmgb1kh0000gn/T/rust_mozprofilehJKX5b"
console.warn: SearchSettings: "get: No settings file exists, new profile?" (new Error("", "(unknown module)"))
console.error: Region.jsm: "Error fetching region" (new TypeError("NetworkError when attempting to fetch resource.", ""))
console.error: Region.jsm: "Failed to fetch region" (new Error("NO_RESULT", "resource://gre/modules/Region.jsm", 419))
1618107352874	Marionette	INFO	Listening on port 63965
1618107352982	Marionette	WARN	TLS certificate errors will be ignored for this session
1618107439593	geckodriver	INFO	Listening on 127.0.0.1:64174
1618107440637	mozrunner::runner	INFO	Running command: "/Applications/Firefox.app/Contents/MacOS/firefox-bin" "--marionette" "-foreground" "-no-remote" "-profile" "/var/folders/bk/dmnbz2jd1zv18hb09zmgb1kh0000gn/T/rust_mozprofileqLHKZg"
console.warn: SearchSettings: "get: No settings file exists, new profile?" (new Error("", "(unknown module)"))
1618107445327	Marionette	INFO	Listening on port 64185
1618107445368	Marionette	WARN	TLS certificate errors will be ignored for this session
console.error: Region.jsm: "Error fetching region" (new Error("TIMEOUT", "resource://gre/modules/Region.jsm", 772))
console.error: Region.jsm: "Failed to fetch region" (new Error("TIMEOUT", "resource://gre/modules/Region.jsm", 419))
1618107473532	Marionette	INFO	Stopped listening on port 64185
console.log: WebExtensions: reset-default-search: No addons in our list are installed.
